<?xml version="1.0" encoding="UTF-8"?>
<testsuite xmlns:xsi="http://www.w3.org/2001/XMLSchema-instance" xsi:noNamespaceSchemaLocation="https://maven.apache.org/surefire/maven-surefire-plugin/xsd/surefire-test-report-3.0.xsd" version="3.0" name="com.example.chatapp.ChatappApplicationTests" time="3.402" tests="1" errors="0" skipped="0" failures="0">
  <properties>
[...]
</properties>
  <testcase name="contextLoads" classname="com.example.chatapp.ChatappApplicationTests" time="0.933">
    <system-out><![CDATA[00:04:11.795 [main] INFO org.springframework.test.context.support.AnnotationConfigContextLoaderUtils -- Could not detect default configuration classes for test class [com.example.chatapp.ChatappApplicationTests]: ChatappApplicationTests does not declare any static, non-private, non-final, nested classes annotated with @Configuration.
00:04:11.948 [main] INFO org.springframework.boot.test.context.SpringBootTestContextBootstrapper -- Found @SpringBootConfiguration com.example.chatapp.ChatappApplication for test class com.example.chatapp.ChatappApplicationTests

  .   ____          _            __ _ _
 /\\ / ___'_ __ _ _(_)_ __  __ _ \ \ \ \
( ( )\___ | '_ | '_| | '_ \/ _` | \ \ \ \
 \\/  ___)| |_)| | | | | || (_| |  ) ) ) )
  '  |____| .__|_| |_|_| |_\__, | / / / /
 =========|_|==============|___/=/_/_/_/

 :: Spring Boot ::                (v3.3.5)

2024-12-17T00:04:12.480+05:30  INFO 17304 --- [chatapp] [           main] c.e.chatapp.ChatappApplicationTests      : Starting ChatappApplicationTests using Java 21.0.3 with PID 17304 (started by hp in D:\dev projects\springboot-chatapp\chatapp)
2024-12-17T00:04:12.480+05:30  INFO 17304 --- [chatapp] [           main] c.e.chatapp.ChatappApplicationTests      : No active profile set, falling back to 1 default profile: "default"
2024-12-17T00:04:13.790+05:30  INFO 17304 --- [chatapp] [           main] o.s.b.a.w.s.WelcomePageHandlerMapping    : Adding welcome page: class path resource [static/index.html]
2024-12-17T00:04:14.031+05:30  INFO 17304 --- [chatapp] [           main] o.s.m.s.b.SimpleBrokerMessageHandler     : Starting...
2024-12-17T00:04:14.031+05:30  INFO 17304 --- [chatapp] [           main] o.s.m.s.b.SimpleBrokerMessageHandler     : BrokerAvailabilityEvent[available=true, SimpleBrokerMessageHandler [org.springframework.messaging.simp.broker.DefaultSubscriptionRegistry@3b4825f0]]
2024-12-17T00:04:14.031+05:30  INFO 17304 --- [chatapp] [           main] o.s.m.s.b.SimpleBrokerMessageHandler     : Started.
2024-12-17T00:04:14.047+05:30  INFO 17304 --- [chatapp] [           main] c.e.chatapp.ChatappApplicationTests      : Started ChatappApplicationTests in 1.909 seconds (process running for 3.028)
]]></system-out>
    <system-err><![CDATA[WARNING: A Java agent has been loaded dynamically (C:\Users\hp\.m2\repository\net\bytebuddy\byte-buddy-agent\1.14.19\byte-buddy-agent-1.14.19.jar)
WARNING: If a serviceability tool is in use, please run with -XX:+EnableDynamicAgentLoading to hide this warning
WARNING: If a serviceability tool is not in use, please run with -Djdk.instrument.traceUsage for more information
WARNING: Dynamic loading of agents will be disallowed by default in a future release
]]></system-err>
  </testcase>
</testsuite>